\BOOKMARK [0][-]{chapter*.1}{\376\377\000D\000e\000c\000l\000a\000r\000a\000t\000i\000o\000n\000\040\000o\000f\000\040\000A\000u\000t\000h\000o\000r\000s\000h\000i\000p}{}% 1
\BOOKMARK [0][-]{chapter*.2}{\376\377\000A\000b\000s\000t\000r\000a\000c\000t}{}% 2
\BOOKMARK [0][-]{chapter*.3}{\376\377\000A\000c\000k\000n\000o\000w\000l\000e\000d\000g\000e\000m\000e\000n\000t\000s}{}% 3
\BOOKMARK [0][-]{chapter.14}{\376\377\000I\000n\000t\000r\000o\000d\000u\000c\000t\000i\000o\000n}{}% 4
\BOOKMARK [1][-]{section.15}{\376\377\000I\000n\000t\000r\000o\000d\000u\000c\000t\000i\000o\000n}{chapter.14}% 5
\BOOKMARK [2][-]{subsection.16}{\376\377\000C\000o\000l\000l\000e\000c\000t\000i\000v\000e\000\040\000C\000o\000n\000s\000t\000r\000u\000c\000t\000i\000o\000n\000\040\000T\000a\000s\000k}{section.15}% 6
\BOOKMARK [2][-]{subsection.17}{\376\377\000A\000r\000e\000a\000s\000\040\000o\000f\000\040\000R\000e\000s\000e\000a\000r\000c\000h\000\040\000i\000n\000\040\000C\000o\000m\000p\000u\000t\000e\000r\000\040\000S\000c\000i\000e\000n\000c\000e}{section.15}% 7
\BOOKMARK [3][-]{section*.18}{\376\377\000P\000a\000t\000t\000e\000r\000n\000\040\000C\000l\000a\000s\000s\000i\000f\000i\000c\000a\000t\000i\000o\000n}{subsection.17}% 8
\BOOKMARK [3][-]{section*.19}{\376\377\000C\000l\000u\000s\000t\000e\000r\000i\000n\000g\000/\000C\000a\000t\000e\000g\000o\000r\000i\000z\000a\000t\000i\000o\000n}{subsection.17}% 9
\BOOKMARK [3][-]{section*.20}{\376\377\000F\000u\000n\000c\000t\000i\000o\000n\000\040\000A\000p\000p\000r\000o\000x\000i\000m\000a\000t\000i\000o\000n}{subsection.17}% 10
\BOOKMARK [3][-]{section*.21}{\376\377\000\050}{subsection.17}% 11
\BOOKMARK [2][-]{subsection.22}{\376\377\000P\000o\000s\000s\000i\000b\000l\000e\000\040\000A\000p\000p\000l\000i\000c\000a\000t\000i\000o\000n\000s}{section.15}% 12
\BOOKMARK [3][-]{section*.23}{\376\377\000U\000n\000d\000e\000r\000w\000a\000t\000e\000r\000\040\000C\000o\000n\000s\000t\000r\000u\000c\000t\000i\000o\000n}{subsection.22}% 13
\BOOKMARK [3][-]{section*.24}{\376\377\000S\000p\000a\000c\000e\000\040\000E\000x\000p\000l\000o\000r\000a\000t\000i\000o\000n\000/\000T\000e\000r\000r\000a\000f\000o\000r\000m\000i\000n\000g}{subsection.22}% 14
\BOOKMARK [3][-]{section*.25}{\376\377\000P\000r\000o\000d\000u\000c\000t\000i\000o\000n\000\040\000o\000f\000\040\000L\000o\000w\000\040\000C\000o\000s\000t\000\040\000H\000o\000u\000s\000i\000n\000g}{subsection.22}% 15
\BOOKMARK [3][-]{section*.26}{\376\377\000E\000x\000a\000m\000p\000l\000e\000\040\000S\000e\000a\000r\000c\000h\000\040\000a\000n\000d\000\040\000R\000e\000s\000c\000u\000e\000\040\000T\000e\000a\000m\000s}{subsection.22}% 16
\BOOKMARK [1][-]{section.27}{\376\377\000P\000r\000o\000b\000l\000e\000m\000\040\000S\000t\000a\000t\000e\000m\000e\000n\000t}{chapter.14}% 17
\BOOKMARK [1][-]{section.28}{\376\377\000R\000e\000s\000e\000a\000r\000c\000h\000\040\000Q\000u\000e\000s\000t\000i\000o\000n}{chapter.14}% 18
\BOOKMARK [2][-]{subsection.29}{\376\377\000R\000e\000s\000e\000a\000r\000c\000h\000\040\000A\000i\000m\000s}{section.28}% 19
\BOOKMARK [2][-]{subsection.33}{\376\377\000R\000e\000s\000e\000a\000r\000c\000h\000\040\000C\000o\000n\000t\000r\000i\000b\000u\000t\000i\000o\000n\000s}{section.28}% 20
\BOOKMARK [1][-]{section.34}{\376\377\000E\000x\000i\000s\000t\000i\000n\000g\000\040\000A\000p\000p\000l\000i\000c\000a\000t\000i\000o\000n\000s\000\040\000A\000n\000d\000\040\000P\000r\000o\000b\000l\000e\000m\000\040\000S\000p\000a\000c\000e\000s}{chapter.14}% 21
\BOOKMARK [2][-]{subsection.35}{\376\377\000E\000m\000e\000r\000g\000e\000n\000c\000y\000\040\000S\000e\000a\000r\000c\000h\000-\000a\000n\000d\000-\000R\000e\000s\000c\000u\000e}{section.34}% 22
\BOOKMARK [2][-]{subsection.36}{\376\377\000R\000o\000b\000o\000C\000u\000p\000\040\000S\000o\000c\000c\000e\000r}{section.34}% 23
\BOOKMARK [2][-]{subsection.37}{\376\377\000C\000o\000l\000l\000e\000c\000t\000i\000v\000e\000\040\000G\000a\000t\000h\000e\000r\000i\000n\000g}{section.34}% 24
\BOOKMARK [2][-]{subsection.38}{\376\377\000B\000a\000l\000a\000n\000c\000i\000n\000g\000\040\000P\000e\000n\000d\000u\000l\000u\000m}{section.34}% 25
\BOOKMARK [2][-]{subsection.39}{\376\377\000S\000p\000a\000c\000e\000\040\000A\000n\000t\000e\000n\000n\000a}{section.34}% 26
\BOOKMARK [0][-]{chapter.40}{\376\377\000B\000a\000c\000k\000g\000r\000o\000u\000n\000d\000\040\000R\000e\000s\000e\000a\000r\000c\000h}{}% 27
\BOOKMARK [1][-]{section.41}{\376\377\000A\000r\000t\000i\000f\000i\000c\000a\000l\000\040\000N\000e\000u\000r\000a\000l\000\040\000N\000e\000t\000w\000o\000r\000k\000s}{chapter.40}% 28
\BOOKMARK [2][-]{subsection.42}{\376\377\000A\000r\000c\000h\000i\000t\000e\000c\000t\000u\000r\000e\000s}{section.41}% 29
\BOOKMARK [1][-]{section.45}{\376\377\000L\000e\000a\000r\000n\000i\000n\000g\000\040\000i\000n\000\040\000A\000N\000N\000'\000s}{chapter.40}% 30
\BOOKMARK [2][-]{subsection.50}{\376\377\000S\000u\000p\000e\000r\000v\000i\000s\000e\000d\000\040\000L\000e\000a\000r\000n\000i\000n\000g}{section.45}% 31
\BOOKMARK [3][-]{section*.51}{\376\377\000B\000a\000c\000k\000p\000r\000o\000p\000a\000g\000a\000t\000i\000o\000n}{subsection.50}% 32
\BOOKMARK [3][-]{section*.52}{\376\377\000G\000r\000a\000d\000i\000e\000n\000t\000\040\000D\000e\000s\000c\000e\000n\000t}{subsection.50}% 33
\BOOKMARK [3][-]{section*.53}{\376\377\000C\000l\000a\000s\000s\000i\000f\000i\000c\000a\000t\000i\000o\000n}{subsection.50}% 34
\BOOKMARK [3][-]{section*.54}{\376\377\000R\000e\000g\000r\000e\000s\000s\000i\000o\000n}{subsection.50}% 35
\BOOKMARK [2][-]{subsection.55}{\376\377\000U\000n\000s\000u\000p\000e\000r\000v\000i\000s\000e\000d\000\040\000L\000e\000a\000r\000n\000i\000n\000g}{section.45}% 36
\BOOKMARK [3][-]{section*.56}{\376\377\000C\000l\000u\000s\000t\000e\000r\000i\000n\000g}{subsection.55}% 37
\BOOKMARK [3][-]{section*.57}{\376\377\000D\000i\000m\000e\000n\000s\000i\000o\000n\000a\000l\000i\000t\000y\000\040\000R\000e\000d\000u\000c\000t\000i\000o\000n}{subsection.55}% 38
\BOOKMARK [2][-]{subsection.58}{\376\377\000R\000e\000i\000n\000f\000o\000r\000c\000e\000m\000e\000n\000t\000\040\000L\000e\000a\000r\000n\000i\000n\000g}{section.45}% 39
\BOOKMARK [3][-]{section*.59}{\376\377\000T\000h\000e\000\040\000F\000i\000n\000i\000t\000e\000\040\000H\000o\000r\000i\000z\000o\000n\000\040\000M\000o\000d\000e\000l}{subsection.58}% 40
\BOOKMARK [1][-]{section.61}{\376\377\000G\000e\000n\000e\000t\000i\000c\000\040\000A\000l\000g\000o\000r\000i\000t\000h\000m\000s}{chapter.40}% 41
\BOOKMARK [1][-]{section.62}{\376\377\000E\000v\000o\000l\000u\000t\000i\000o\000n\000a\000r\000y\000\040\000C\000o\000m\000p\000u\000t\000i\000n\000g\000\040\000/\000\040\000E\000v\000o\000l\000u\000t\000i\000o\000n\000a\000r\000y\000\040\000A\000l\000g\000o\000r\000i\000t\000h\000m\000s}{chapter.40}% 42
\BOOKMARK [1][-]{section.71}{\376\377\000D\000i\000f\000f\000i\000c\000u\000l\000t\000i\000e\000s\000\040\000t\000o\000\040\000o\000v\000e\000r\000c\000o\000m\000e}{chapter.40}% 43
\BOOKMARK [2][-]{subsection.72}{\376\377\000E\000x\000p\000l\000o\000i\000t\000a\000t\000i\000o\000n\000\040\000v\000s\000\040\000E\000x\000p\000l\000o\000r\000a\000t\000i\000o\000n}{section.71}% 44
\BOOKMARK [1][-]{section.73}{\376\377\000N\000e\000u\000r\000o\000e\000v\000o\000l\000u\000t\000i\000o\000n}{chapter.40}% 45
\BOOKMARK [2][-]{subsection.74}{\376\377\000B\000a\000s\000i\000c\000\040\000M\000e\000t\000h\000o\000d\000s}{section.73}% 46
\BOOKMARK [2][-]{subsection.75}{\376\377\000A\000p\000p\000l\000i\000c\000a\000t\000i\000o\000n\000s}{section.73}% 47
\BOOKMARK [3][-]{section*.76}{\376\377\000D\000e\000f\000i\000n\000i\000t\000i\000o\000n}{subsection.75}% 48
\BOOKMARK [1][-]{section.77}{\376\377\000N\000E\000A\000T}{chapter.40}% 49
\BOOKMARK [1][-]{section.78}{\376\377\000H\000y\000p\000e\000r\000N\000E\000A\000T}{chapter.40}% 50
\BOOKMARK [1][-]{section.79}{\376\377\000F\000i\000t\000n\000e\000s\000s\000\040\000F\000u\000n\000c\000t\000i\000o\000n\000s}{chapter.40}% 51
\BOOKMARK [2][-]{subsection.80}{\376\377\000O\000b\000j\000e\000c\000t\000i\000v\000e\000\040\000F\000i\000t\000n\000e\000s\000s}{section.79}% 52
\BOOKMARK [2][-]{subsection.81}{\376\377\000N\000o\000v\000e\000l\000t\000y\000\040\000F\000i\000t\000n\000e\000s\000s}{section.79}% 53
\BOOKMARK [2][-]{subsection.82}{\376\377\000H\000y\000b\000r\000i\000d\000\040\000F\000i\000t\000n\000e\000s\000s}{section.79}% 54
\BOOKMARK [1][-]{section.83}{\376\377\000C\000o\000l\000l\000e\000c\000t\000i\000v\000e\000\040\000C\000o\000n\000s\000t\000r\000u\000c\000t\000i\000o\000n\000\040\000T\000a\000s\000k}{chapter.40}% 55
\BOOKMARK [2][-]{subsection.87}{\376\377\000C\000o\000l\000l\000e\000c\000t\000i\000v\000e\000\040\000G\000a\000t\000h\000e\000r\000i\000n\000g\000\040\000T\000a\000s\000k}{section.83}% 56
\BOOKMARK [2][-]{subsection.88}{\376\377\000E\000x\000i\000s\000t\000i\000n\000g\000\040\000C\000o\000l\000l\000e\000c\000t\000i\000v\000e\000\040\000C\000o\000n\000s\000t\000r\000u\000c\000t\000i\000o\000n\000\040\000T\000a\000s\000k\000s}{section.83}% 57
\BOOKMARK [0][-]{appendix.89}{\376\377\000F\000r\000e\000q\000u\000e\000n\000t\000l\000y\000\040\000A\000s\000k\000e\000d\000\040\000Q\000u\000e\000s\000t\000i\000o\000n\000s}{}% 58
\BOOKMARK [1][-]{section.90}{\376\377\000H\000o\000w\000\040\000d\000o\000\040\000I\000\040\000c\000h\000a\000n\000g\000e\000\040\000t\000h\000e\000\040\000c\000o\000l\000o\000r\000s\000\040\000o\000f\000\040\000l\000i\000n\000k\000s\000?}{appendix.89}% 59
